
> vibe-generated-app@1.0.0 dev
> vite


  VITE v5.4.20  ready in 261 ms

  ➜  Local:   http://localhost:3000/
  ➜  Network: http://172.20.23.246:3000/
5:07:24 AM [vite] Pre-transform error: Transform failed with 1 error:
/home/workspace/src/components/Navbar.jsx:27:8: ERROR: Expected ")" but found ":"
5:07:25 AM [vite] ✨ new dependencies optimized: @splinetool/react-spline
5:07:25 AM [vite] ✨ optimized dependencies changed. reloading
The file does not exist at "/home/workspace/node_modules/.vite/deps/chunk-I4MZPW7S.js?v=35394813" which is in the optimize deps directory. The dependency might be incompatible with the dep optimizer. Try adding it to `optimizeDeps.exclude`.
The file does not exist at "/home/workspace/node_modules/.vite/deps/chunk-XPR23Y44.js?v=35394813" which is in the optimize deps directory. The dependency might be incompatible with the dep optimizer. Try adding it to `optimizeDeps.exclude`.
5:07:25 AM [vite] Internal server error: Transform failed with 1 error:
/home/workspace/src/components/Navbar.jsx:27:8: ERROR: Expected ")" but found ":"
  Plugin: vite:esbuild
  File: /home/workspace/src/components/Navbar.jsx:27:8
  
  Expected ")" but found ":"
  25 |  
  26 |    const navLink = (
  27 |      href: string,
     |          ^
  28 |      label: string,
  29 |      onClick?: () => void
  
      at failureErrorWithLog (/home/workspace/node_modules/esbuild/lib/main.js:1472:15)
      at /home/workspace/node_modules/esbuild/lib/main.js:755:50
      at responseCallbacks.<computed> (/home/workspace/node_modules/esbuild/lib/main.js:622:9)
      at handleIncomingPacket (/home/workspace/node_modules/esbuild/lib/main.js:677:12)
      at Socket.readFromStdout (/home/workspace/node_modules/esbuild/lib/main.js:600:7)
      at Socket.emit (node:events:508:28)
      at addChunk (node:internal/streams/readable:559:12)
      at readableAddChunkPushByteMode (node:internal/streams/readable:510:3)
      at Readable.push (node:internal/streams/readable:390:5)
      at Pipe.onStreamRead (node:internal/stream_base_commons:189:23)
5:07:30 AM [vite] Pre-transform error: Transform failed with 1 error:
/home/workspace/src/components/Navbar.jsx:27:8: ERROR: Expected ")" but found ":"
5:07:35 AM [vite] Internal server error: Transform failed with 1 error:
/home/workspace/src/components/Navbar.jsx:27:8: ERROR: Expected ")" but found ":"
  Plugin: vite:esbuild
  File: /home/workspace/src/components/Navbar.jsx:27:8
  
  Expected ")" but found ":"
  25 |  
  26 |    const navLink = (
  27 |      href: string,
     |          ^
  28 |      label: string,
  29 |      onClick?: () => void
  
      at failureErrorWithLog (/home/workspace/node_modules/esbuild/lib/main.js:1472:15)
      at /home/workspace/node_modules/esbuild/lib/main.js:755:50
      at responseCallbacks.<computed> (/home/workspace/node_modules/esbuild/lib/main.js:622:9)
      at handleIncomingPacket (/home/workspace/node_modules/esbuild/lib/main.js:677:12)
      at Socket.readFromStdout (/home/workspace/node_modules/esbuild/lib/main.js:600:7)
      at Socket.emit (node:events:508:28)
      at addChunk (node:internal/streams/readable:559:12)
      at readableAddChunkPushByteMode (node:internal/streams/readable:510:3)
      at Readable.push (node:internal/streams/readable:390:5)
      at Pipe.onStreamRead (node:internal/stream_base_commons:189:23)
